<?xml version="1.0" encoding="UTF-8"?>
<testsuite xmlns:xsi="http://www.w3.org/2001/XMLSchema-instance" xsi:noNamespaceSchemaLocation="https://maven.apache.org/surefire/maven-surefire-plugin/xsd/surefire-test-report-3.0.xsd" version="3.0" name="com.example.booking.BookingApplicationTests" time="9.444" tests="1" errors="0" skipped="0" failures="0">
  <properties>
[...]
</properties>
  <testcase name="testConcurrentBooking_solvesRaceCondition" classname="com.example.booking.BookingApplicationTests" time="0.972">
    <system-out><![CDATA[01:36:27.260 [main] INFO org.springframework.test.context.support.AnnotationConfigContextLoaderUtils -- Could not detect default configuration classes for test class [com.example.booking.BookingApplicationTests]: BookingApplicationTests does not declare any static, non-private, non-final, nested classes annotated with @Configuration.
01:36:27.428 [main] INFO org.springframework.boot.test.context.SpringBootTestContextBootstrapper -- Found @SpringBootConfiguration com.example.booking.BookingApplication for test class com.example.booking.BookingApplicationTests

  .   ____          _            __ _ _
 /\\ / ___'_ __ _ _(_)_ __  __ _ \ \ \ \
( ( )\___ | '_ | '_| | '_ \/ _` | \ \ \ \
 \\/  ___)| |_)| | | | | || (_| |  ) ) ) )
  '  |____| .__|_| |_|_| |_\__, | / / / /
 =========|_|==============|___/=/_/_/_/
 :: Spring Boot ::                (v3.2.3)

2026-09-19T01:36:28.025+05:30  INFO 23376 --- [           main] c.e.booking.BookingApplicationTests      : Starting BookingApplicationTests using Java 17.0.18 with PID 23376 (started by Priyanshu in C:\Users\Priyanshu\Downloads\movie-ticket-booking)
2026-09-19T01:36:28.027+05:30  INFO 23376 --- [           main] c.e.booking.BookingApplicationTests      : No active profile set, falling back to 1 default profile: "default"
2026-09-19T01:36:29.221+05:30  INFO 23376 --- [           main] .s.d.r.c.RepositoryConfigurationDelegate : Bootstrapping Spring Data JPA repositories in DEFAULT mode.
2026-09-19T01:36:29.319+05:30  INFO 23376 --- [           main] .s.d.r.c.RepositoryConfigurationDelegate : Finished Spring Data repository scanning in 83 ms. Found 3 JPA repository interfaces.
2026-09-19T01:36:30.151+05:30  INFO 23376 --- [           main] o.hibernate.jpa.internal.util.LogHelper  : HHH000204: Processing PersistenceUnitInfo [name: default]
2026-09-19T01:36:30.309+05:30  INFO 23376 --- [           main] org.hibernate.Version                    : HHH000412: Hibernate ORM core version 6.4.4.Final
2026-09-19T01:36:30.392+05:30  INFO 23376 --- [           main] o.h.c.internal.RegionFactoryInitiator    : HHH000026: Second-level cache disabled
2026-09-19T01:36:31.021+05:30  INFO 23376 --- [           main] o.s.o.j.p.SpringPersistenceUnitInfo      : No LoadTimeWeaver setup: ignoring JPA class transformer
2026-09-19T01:36:31.066+05:30  INFO 23376 --- [           main] com.zaxxer.hikari.HikariDataSource       : HikariPool-1 - Starting...
2026-09-19T01:36:31.340+05:30  INFO 23376 --- [           main] com.zaxxer.hikari.pool.HikariPool        : HikariPool-1 - Added connection conn0: url=jdbc:h2:mem:bookingdb user=SA
2026-09-19T01:36:31.343+05:30  INFO 23376 --- [           main] com.zaxxer.hikari.HikariDataSource       : HikariPool-1 - Start completed.
2026-09-19T01:36:31.398+05:30  WARN 23376 --- [           main] org.hibernate.orm.deprecation            : HHH90000025: H2Dialect does not need to be specified explicitly using 'hibernate.dialect' (remove the property setting and it will be selected by default)
2026-09-19T01:36:32.956+05:30  INFO 23376 --- [           main] o.h.e.t.j.p.i.JtaPlatformInitiator       : HHH000489: No JTA platform available (set 'hibernate.transaction.jta.platform' to enable JTA platform integration)
Hibernate: 
    create table bookings (
        id bigint generated by default as identity,
        booking_time timestamp(6) not null,
        seat_id bigint not null,
        user_id bigint not null,
        primary key (id)
    )
Hibernate: 
    create table seats (
        id bigint generated by default as identity,
        seat_number varchar(255) not null,
        status varchar(255) not null check (status in ('AVAILABLE','BOOKED')),
        primary key (id)
    )
Hibernate: 
    create table users (
        id bigint generated by default as identity,
        password varchar(255) not null,
        role varchar(255),
        username varchar(255) not null,
        primary key (id)
    )
Hibernate: 
    alter table if exists users 
       drop constraint if exists UK_r43af9ap4edm43mmtq01oddj6
Hibernate: 
    alter table if exists users 
       add constraint UK_r43af9ap4edm43mmtq01oddj6 unique (username)
Hibernate: 
    alter table if exists bookings 
       add constraint FKhmf8yyefriw5ski3jibaua6n 
       foreign key (seat_id) 
       references seats
Hibernate: 
    alter table if exists bookings 
       add constraint FKeyog2oic85xg7hsu2je2lx3s6 
       foreign key (user_id) 
       references users
2026-09-19T01:36:33.111+05:30  INFO 23376 --- [           main] j.LocalContainerEntityManagerFactoryBean : Initialized JPA EntityManagerFactory for persistence unit 'default'
2026-09-19T01:36:33.581+05:30  INFO 23376 --- [           main] o.s.d.j.r.query.QueryEnhancerFactory     : Hibernate is in classpath; If applicable, HQL parser will be used.
2026-09-19T01:36:34.318+05:30  WARN 23376 --- [           main] JpaBaseConfiguration$JpaWebConfiguration : spring.jpa.open-in-view is enabled by default. Therefore, database queries may be performed during view rendering. Explicitly configure spring.jpa.open-in-view to disable this warning
2026-09-19T01:36:34.856+05:30  INFO 23376 --- [           main] o.s.s.web.DefaultSecurityFilterChain     : Will secure any request with [org.springframework.security.web.session.DisableEncodeUrlFilter@5014ccf9, org.springframework.security.web.context.request.async.WebAsyncManagerIntegrationFilter@58f259bd, org.springframework.security.web.context.SecurityContextHolderFilter@529cd3ba, org.springframework.security.web.header.HeaderWriterFilter@1131fcfd, org.springframework.web.filter.CorsFilter@362109d0, org.springframework.security.web.authentication.logout.LogoutFilter@7892635c, org.springframework.security.web.authentication.UsernamePasswordAuthenticationFilter@4caca86d, org.springframework.security.web.authentication.ui.DefaultLoginPageGeneratingFilter@f1e8753, org.springframework.security.web.authentication.ui.DefaultLogoutPageGeneratingFilter@4075c0d8, org.springframework.security.web.authentication.www.BasicAuthenticationFilter@1ef585bb, org.springframework.security.web.savedrequest.RequestCacheAwareFilter@1f26bd62, org.springframework.security.web.servletapi.SecurityContextHolderAwareRequestFilter@61f18997, org.springframework.security.web.authentication.AnonymousAuthenticationFilter@3670af2b, org.springframework.security.web.access.ExceptionTranslationFilter@587df3e4, org.springframework.security.web.access.intercept.AuthorizationFilter@5232cec1]
2026-09-19T01:36:35.292+05:30  INFO 23376 --- [           main] o.s.b.a.h2.H2ConsoleAutoConfiguration    : H2 console available at '/h2-console'. Database available at 'jdbc:h2:mem:bookingdb'
2026-09-19T01:36:35.431+05:30  INFO 23376 --- [           main] c.e.booking.BookingApplicationTests      : Started BookingApplicationTests in 7.754 seconds (process running for 9.357)
Hibernate: 
    select
        u1_0.id,
        u1_0.password,
        u1_0.role,
        u1_0.username 
    from
        users u1_0 
    where
        u1_0.username=?
Hibernate: 
    select
        u1_0.id,
        u1_0.password,
        u1_0.role,
        u1_0.username 
    from
        users u1_0 
    where
        u1_0.username=?
Hibernate: 
    select
        s1_0.id,
        s1_0.seat_number,
        s1_0.status 
    from
        seats s1_0 
    where
        s1_0.id=? for update
Hibernate: 
    select
        s1_0.id,
        s1_0.seat_number,
        s1_0.status 
    from
        seats s1_0 
    where
        s1_0.id=? for update
Hibernate: 
    insert 
    into
        bookings
        (booking_time, seat_id, user_id, id) 
    values
        (?, ?, ?, default)
Hibernate: 
    update
        seats 
    set
        seat_number=?,
        status=? 
    where
        id=?
Hibernate: 
    select
        s1_0.id,
        s1_0.seat_number,
        s1_0.status 
    from
        seats s1_0 
    where
        s1_0.id=?
]]></system-out>
  </testcase>
</testsuite>